23:44:29.885 INFO  name is ketan  2019-01-29T18:14:29.884Z 
23:44:58.703 INFO  name is ketan  2019-01-29T18:14:58.703Z 
23:45:04.529 INFO  name is karan  2019-01-29T18:15:04.529Z 
23:45:07.973 INFO  name is karan  2019-01-29T18:15:07.973Z 
23:45:11.642 INFO  name is karan  2019-01-29T18:15:11.642Z 
23:45:16.159 INFO  name is karan  2019-01-29T18:15:16.159Z 
23:45:19.037 INFO  name is karan  2019-01-29T18:15:19.036Z 
23:45:20.058 INFO  name is karan  2019-01-29T18:15:20.058Z 
23:45:20.626 INFO  name is karan  2019-01-29T18:15:20.626Z 
23:45:20.822 INFO  name is karan  2019-01-29T18:15:20.822Z 
23:45:21.033 INFO  name is karan  2019-01-29T18:15:21.033Z 
23:45:21.211 INFO  name is karan  2019-01-29T18:15:21.211Z 
23:45:36.589 INFO  name is kea  2019-01-29T18:15:36.589Z 
23:52:44.856 INFO  name is nik  2019-01-29T18:22:44.854Z 
23:53:40.555 INFO  name is nik  2019-01-29T18:23:40.553Z 
20:55:17.467 INFO  name is nik  2019-01-30T15:25:17.466Z 
20:56:01.551 INFO  name is jvm  2019-01-30T15:26:01.549Z 
20:58:06.772 INFO  name is karan  2019-01-30T15:28:06.771Z 
20:58:53.917 INFO  name is nik  2019-01-30T15:28:53.915Z 
20:59:18.991 INFO  name is jvm  2019-01-30T15:29:18.989Z 
20:59:42.336 INFO  name is nik  2019-01-30T15:29:42.334Z 
21:00:14.299 INFO  name is nik  2019-01-30T15:30:14.298Z 
21:00:53.466 INFO  name is arun  2019-01-30T15:30:53.464Z 
21:01:15.202 INFO  name is nik  2019-01-30T15:31:15.200Z 
21:01:42.286 INFO  name is karan meghnati  2019-01-30T15:31:42.284Z 
21:03:47.129 INFO  name is Narendra Modi  2019-01-30T15:33:47.128Z 
23:39:48.186 INFO  name is kalpesh  2019-02-11T18:09:48.185Z 
